2025-05-19 14:17:53,857 - INFO - Loaded embeddings for user_1d2b16
2025-05-19 14:17:53,858 - INFO - Loaded embeddings for user_5e2b04
2025-05-19 14:17:53,858 - INFO - Loaded embeddings for user_6b3225
2025-05-19 14:17:53,859 - INFO - Loaded embeddings for user_835dd6
2025-05-19 14:17:53,860 - INFO - Loaded embeddings for user_a2d19a
2025-05-19 14:17:53,861 - INFO - Loaded embeddings for user_c2b979
2025-05-19 14:17:53,862 - INFO - Loaded embeddings for user_e5abfb
2025-05-19 14:18:00,524 - INFO - Recognized: user_e5abfb (distance: 0.008)
2025-05-19 14:18:01,117 - INFO - Recognized: user_e5abfb (distance: 0.008)
2025-05-19 14:18:01,433 - INFO - Recognized: user_e5abfb (distance: 0.009)
2025-05-19 14:18:01,746 - INFO - Recognized: user_e5abfb (distance: 0.008)
2025-05-19 14:18:02,032 - INFO - Recognized: user_e5abfb (distance: 0.008)
2025-05-19 14:18:02,350 - INFO - Recognized: user_e5abfb (distance: 0.008)
2025-05-19 14:18:02,636 - INFO - Recognized: user_e5abfb (distance: 0.008)
2025-05-19 14:18:02,975 - INFO - Recognized: user_e5abfb (distance: 0.007)
2025-05-19 14:18:03,258 - INFO - Recognized: user_e5abfb (distance: 0.008)
2025-05-19 14:18:03,569 - INFO - Recognized: user_e5abfb (distance: 0.008)
2025-05-19 14:18:03,850 - INFO - Recognized: user_e5abfb (distance: 0.008)
2025-05-19 14:18:04,153 - INFO - Recognized: user_e5abfb (distance: 0.008)
2025-05-19 14:18:04,429 - INFO - Recognized: user_e5abfb (distance: 0.007)
2025-05-19 14:18:04,728 - INFO - Recognized: user_e5abfb (distance: 0.008)
2025-05-19 14:18:05,012 - INFO - Recognized: user_e5abfb (distance: 0.008)
2025-05-19 14:18:05,324 - INFO - Recognized: user_e5abfb (distance: 0.007)
2025-05-19 14:18:05,624 - INFO - Recognized: user_e5abfb (distance: 0.007)
2025-05-19 14:18:05,923 - INFO - Recognized: user_e5abfb (distance: 0.007)
2025-05-19 14:18:06,208 - INFO - Recognized: user_e5abfb (distance: 0.007)
2025-05-19 14:18:06,507 - INFO - Recognized: user_e5abfb (distance: 0.007)
2025-05-19 14:18:06,793 - INFO - Recognized: user_e5abfb (distance: 0.008)
2025-05-19 14:18:07,090 - INFO - Recognized: user_e5abfb (distance: 0.007)
2025-05-19 14:18:07,373 - INFO - Recognized: user_e5abfb (distance: 0.008)
2025-05-19 14:18:07,685 - INFO - Recognized: user_e5abfb (distance: 0.008)
2025-05-19 14:18:07,972 - INFO - Recognized: user_e5abfb (distance: 0.007)
2025-05-19 14:18:08,273 - INFO - Recognized: user_e5abfb (distance: 0.008)
2025-05-19 14:18:08,558 - INFO - Recognized: user_e5abfb (distance: 0.007)
2025-05-19 14:18:08,876 - INFO - Recognized: user_e5abfb (distance: 0.007)
2025-05-19 14:18:09,167 - INFO - Recognized: user_e5abfb (distance: 0.007)
2025-05-19 14:18:09,618 - INFO - Recognized: user_e5abfb (distance: 0.007)
2025-05-19 14:18:09,926 - INFO - Recognized: user_e5abfb (distance: 0.007)
2025-05-19 14:18:10,216 - INFO - Recognized: user_e5abfb (distance: 0.007)
2025-05-19 14:18:10,539 - INFO - Recognized: user_e5abfb (distance: 0.007)
2025-05-19 14:18:10,828 - INFO - Recognized: user_e5abfb (distance: 0.007)
2025-05-19 14:18:11,129 - INFO - Recognized: user_e5abfb (distance: 0.008)
2025-05-19 14:18:11,416 - INFO - Recognized: user_e5abfb (distance: 0.008)
2025-05-19 14:18:11,726 - INFO - Recognized: user_e5abfb (distance: 0.008)
2025-05-19 14:18:12,009 - INFO - Recognized: user_e5abfb (distance: 0.008)
2025-05-19 14:18:12,309 - INFO - Recognized: user_e5abfb (distance: 0.008)
2025-05-19 14:18:12,580 - INFO - Recognized: user_e5abfb (distance: 0.009)
2025-05-19 14:18:13,303 - INFO - Recognized: user_e5abfb (distance: 0.008)
2025-05-19 14:18:13,625 - INFO - Recognized: user_e5abfb (distance: 0.007)
2025-05-19 14:18:13,909 - INFO - Recognized: user_e5abfb (distance: 0.007)
2025-05-19 14:18:14,219 - INFO - Recognized: user_e5abfb (distance: 0.008)
2025-05-19 14:18:14,639 - INFO - Recognized: user_e5abfb (distance: 0.008)
2025-05-19 14:18:14,912 - INFO - Recognized: user_e5abfb (distance: 0.007)
2025-05-19 14:18:15,219 - INFO - Recognized: user_e5abfb (distance: 0.007)
2025-05-19 14:18:15,666 - INFO - Recognized: user_e5abfb (distance: 0.008)
2025-05-19 14:18:15,970 - INFO - Recognized: user_e5abfb (distance: 0.007)
2025-05-19 14:18:16,398 - INFO - Recognized: user_e5abfb (distance: 0.007)
2025-05-19 14:18:16,612 - INFO - Recognized: user_e5abfb (distance: 0.008)
2025-05-19 14:18:17,040 - INFO - Recognized: user_e5abfb (distance: 0.008)
2025-05-19 14:18:17,414 - INFO - Recognized: user_e5abfb (distance: 0.008)
2025-05-19 14:18:17,818 - INFO - Recognized: user_e5abfb (distance: 0.008)
2025-05-19 14:18:18,217 - INFO - Recognized: user_e5abfb (distance: 0.007)
2025-05-19 14:18:18,683 - INFO - Recognized: user_e5abfb (distance: 0.007)
2025-05-19 14:18:19,796 - INFO - Recognized: user_e5abfb (distance: 0.008)
2025-05-19 14:18:20,172 - INFO - Recognized: user_e5abfb (distance: 0.008)
2025-05-19 14:18:20,634 - INFO - Recognized: user_e5abfb (distance: 0.013)
2025-05-19 14:18:31,506 - INFO - Recognized: user_e5abfb (distance: 0.009)
2025-05-19 14:18:38,782 - INFO - Recognized: user_e5abfb (distance: 0.008)
2025-05-19 14:18:39,165 - INFO - Recognized: user_e5abfb (distance: 0.008)
2025-05-19 14:18:39,571 - INFO - Recognized: user_e5abfb (distance: 0.008)
2025-05-19 14:18:39,966 - INFO - Recognized: user_e5abfb (distance: 0.007)
2025-05-19 14:18:40,837 - INFO - Recognized: user_e5abfb (distance: 0.007)
2025-05-19 14:18:41,232 - INFO - Recognized: user_e5abfb (distance: 0.008)
2025-05-19 14:18:41,589 - INFO - Recognized: user_e5abfb (distance: 0.006)
2025-05-19 14:18:41,966 - INFO - Recognized: user_e5abfb (distance: 0.007)
2025-05-19 14:18:42,344 - INFO - Recognized: user_e5abfb (distance: 0.007)
2025-05-19 14:18:42,711 - INFO - Recognized: user_e5abfb (distance: 0.007)
2025-05-19 14:18:42,945 - INFO - Recognized: user_e5abfb (distance: 0.013)
2025-05-19 14:18:43,326 - INFO - Recognized: user_e5abfb (distance: 0.007)
2025-05-19 14:18:43,579 - INFO - Recognized: user_e5abfb (distance: 0.012)
2025-05-19 14:18:43,971 - INFO - Recognized: user_e5abfb (distance: 0.007)
2025-05-19 14:18:44,215 - INFO - Recognized: user_e5abfb (distance: 0.007)
2025-05-19 14:18:44,641 - INFO - Recognized: user_e5abfb (distance: 0.007)
2025-05-19 14:18:45,109 - INFO - Recognized: user_e5abfb (distance: 0.010)
2025-05-19 14:18:45,421 - INFO - Recognized: user_e5abfb (distance: 0.007)
2025-05-19 14:18:45,814 - INFO - Recognized: user_e5abfb (distance: 0.012)
2025-05-19 14:26:33,288 - INFO - Loading face recognition system...
2025-05-19 14:26:33,289 - INFO - Loaded embeddings for user_1d2b16
2025-05-19 14:26:33,290 - INFO - Loaded embeddings for user_5e2b04
2025-05-19 14:26:33,291 - INFO - Loaded embeddings for user_6b3225
2025-05-19 14:26:33,291 - INFO - Loaded embeddings for user_835dd6
2025-05-19 14:26:33,292 - INFO - Loaded embeddings for user_a2d19a
2025-05-19 14:26:33,292 - INFO - Loaded embeddings for user_c2b979
2025-05-19 14:26:33,293 - INFO - Loaded embeddings for user_e5abfb
2025-05-19 14:26:33,293 - INFO - Loaded 7 known face embeddings
2025-05-19 14:26:33,293 - INFO - Initializing camera...
2025-05-19 14:26:35,914 - INFO - Loading detection model: yolov8n.pt
2025-05-19 14:26:35,977 - INFO - Starting face recognition system
2025-05-19 14:26:39,777 - INFO - Recognized: user_e5abfb (distance: 0.010)
2025-05-19 14:26:40,227 - INFO - Recognized: user_e5abfb (distance: 0.009)
2025-05-19 14:26:40,635 - INFO - Recognized: user_e5abfb (distance: 0.008)
2025-05-19 14:26:41,017 - INFO - Recognized: user_e5abfb (distance: 0.008)
2025-05-19 14:26:41,373 - INFO - Recognized: user_e5abfb (distance: 0.007)
2025-05-19 14:26:41,937 - INFO - Recognized: user_e5abfb (distance: 0.008)
2025-05-19 14:26:42,307 - INFO - Recognized: user_e5abfb (distance: 0.008)
2025-05-19 14:26:42,688 - INFO - Recognized: user_e5abfb (distance: 0.007)
2025-05-19 14:26:43,040 - INFO - Recognized: user_e5abfb (distance: 0.007)
2025-05-19 14:26:43,409 - INFO - Recognized: user_e5abfb (distance: 0.008)
2025-05-19 14:26:43,770 - INFO - Recognized: user_e5abfb (distance: 0.007)
2025-05-19 14:26:44,129 - INFO - Recognized: user_e5abfb (distance: 0.008)
2025-05-19 14:26:44,485 - INFO - Recognized: user_e5abfb (distance: 0.008)
2025-05-19 14:26:44,847 - INFO - Recognized: user_e5abfb (distance: 0.008)
2025-05-19 14:26:45,238 - INFO - Recognized: user_e5abfb (distance: 0.007)
2025-05-19 14:26:45,608 - INFO - Recognized: user_e5abfb (distance: 0.007)
2025-05-19 14:26:45,985 - INFO - Recognized: user_e5abfb (distance: 0.007)
2025-05-19 14:26:46,334 - INFO - Recognized: user_e5abfb (distance: 0.007)
2025-05-19 14:26:46,689 - INFO - Recognized: user_e5abfb (distance: 0.008)
2025-05-19 14:26:47,038 - INFO - Recognized: user_e5abfb (distance: 0.007)
2025-05-19 14:26:47,420 - INFO - Recognized: user_e5abfb (distance: 0.008)
2025-05-19 14:26:47,770 - INFO - Recognized: user_e5abfb (distance: 0.008)
2025-05-19 14:26:48,128 - INFO - Recognized: user_e5abfb (distance: 0.008)
2025-05-19 14:26:48,501 - INFO - Recognized: user_e5abfb (distance: 0.008)
2025-05-19 14:26:48,861 - INFO - Recognized: user_e5abfb (distance: 0.008)
2025-05-19 14:26:49,237 - INFO - Recognized: user_e5abfb (distance: 0.007)
2025-05-19 14:26:49,584 - INFO - Recognized: user_e5abfb (distance: 0.007)
2025-05-19 14:26:49,937 - INFO - Recognized: user_e5abfb (distance: 0.008)
2025-05-19 14:26:50,298 - INFO - Recognized: user_e5abfb (distance: 0.007)
2025-05-19 14:26:50,648 - INFO - Recognized: user_e5abfb (distance: 0.008)
2025-05-19 14:26:51,022 - INFO - Recognized: user_e5abfb (distance: 0.007)
2025-05-19 14:26:51,403 - INFO - Recognized: user_e5abfb (distance: 0.007)
2025-05-19 14:26:51,970 - INFO - Recognized: user_e5abfb (distance: 0.007)
2025-05-19 14:26:52,336 - INFO - Recognized: user_e5abfb (distance: 0.007)
2025-05-19 14:26:52,708 - INFO - Recognized: user_e5abfb (distance: 0.008)
2025-05-19 14:26:53,059 - INFO - Recognized: user_e5abfb (distance: 0.008)
2025-05-19 14:26:53,403 - INFO - Recognized: user_e5abfb (distance: 0.008)
2025-05-19 14:26:53,750 - INFO - Recognized: user_e5abfb (distance: 0.008)
2025-05-19 14:26:54,101 - INFO - Recognized: user_e5abfb (distance: 0.008)
2025-05-19 14:26:54,487 - INFO - Recognized: user_e5abfb (distance: 0.008)
2025-05-19 14:26:54,840 - INFO - Recognized: user_e5abfb (distance: 0.008)
2025-05-19 14:26:55,213 - INFO - Recognized: user_e5abfb (distance: 0.008)
2025-05-19 14:26:55,567 - INFO - Recognized: user_e5abfb (distance: 0.008)
2025-05-19 14:26:55,921 - INFO - Recognized: user_e5abfb (distance: 0.008)
2025-05-19 14:26:56,285 - INFO - Recognized: user_e5abfb (distance: 0.009)
2025-05-19 14:26:56,632 - INFO - Recognized: user_e5abfb (distance: 0.008)
2025-05-19 14:26:56,996 - INFO - Recognized: user_e5abfb (distance: 0.008)
2025-05-19 14:26:57,357 - INFO - Recognized: user_e5abfb (distance: 0.008)
2025-05-19 14:26:57,716 - INFO - Recognized: user_e5abfb (distance: 0.007)
2025-05-19 14:26:58,079 - INFO - Recognized: user_e5abfb (distance: 0.008)
2025-05-19 14:26:58,644 - INFO - Recognized: user_e5abfb (distance: 0.008)
2025-05-19 14:26:58,992 - INFO - Recognized: user_e5abfb (distance: 0.007)
2025-05-19 14:26:59,400 - INFO - Recognized: user_e5abfb (distance: 0.007)
2025-05-19 14:26:59,797 - INFO - Recognized: user_e5abfb (distance: 0.009)
2025-05-19 14:27:00,161 - INFO - Recognized: user_e5abfb (distance: 0.008)
2025-05-19 14:27:00,548 - INFO - Recognized: user_e5abfb (distance: 0.007)
2025-05-19 14:27:00,915 - INFO - Recognized: user_e5abfb (distance: 0.007)
2025-05-19 14:27:01,281 - INFO - Recognized: user_e5abfb (distance: 0.007)
2025-05-19 14:27:01,664 - INFO - Recognized: user_e5abfb (distance: 0.007)
2025-05-19 14:27:02,017 - INFO - Recognized: user_e5abfb (distance: 0.007)
2025-05-19 14:27:02,387 - INFO - Recognized: user_e5abfb (distance: 0.008)
2025-05-19 14:27:02,780 - INFO - Recognized: user_e5abfb (distance: 0.008)
2025-05-19 14:27:03,144 - INFO - Recognized: user_e5abfb (distance: 0.008)
2025-05-19 14:27:03,497 - INFO - Recognized: user_e5abfb (distance: 0.008)
2025-05-19 14:27:03,846 - INFO - Recognized: user_e5abfb (distance: 0.008)
2025-05-19 14:27:04,223 - INFO - Recognized: user_e5abfb (distance: 0.009)
2025-05-19 14:27:04,650 - INFO - Recognized: user_e5abfb (distance: 0.009)
2025-05-19 14:27:05,326 - INFO - Recognized: user_e5abfb (distance: 0.009)
2025-05-19 14:27:05,777 - INFO - Recognized: user_e5abfb (distance: 0.009)
2025-05-19 14:27:06,245 - INFO - Recognized: user_e5abfb (distance: 0.007)
2025-05-19 14:27:06,647 - INFO - Recognized: user_e5abfb (distance: 0.008)
2025-05-19 14:27:07,118 - INFO - Recognized: user_e5abfb (distance: 0.007)
2025-05-19 14:27:07,590 - INFO - Recognized: user_e5abfb (distance: 0.007)
2025-05-19 14:27:08,059 - INFO - Recognized: user_e5abfb (distance: 0.007)
2025-05-19 14:27:08,514 - INFO - Recognized: user_e5abfb (distance: 0.007)
2025-05-19 14:27:08,948 - INFO - Recognized: user_e5abfb (distance: 0.008)
2025-05-19 14:27:09,384 - INFO - Recognized: user_e5abfb (distance: 0.007)
2025-05-19 14:27:09,872 - INFO - Recognized: user_e5abfb (distance: 0.007)
2025-05-19 14:27:10,297 - INFO - Recognized: user_e5abfb (distance: 0.007)
2025-05-19 14:27:10,767 - INFO - Recognized: user_e5abfb (distance: 0.007)
2025-05-19 14:27:11,464 - INFO - Recognized: user_e5abfb (distance: 0.007)
2025-05-19 14:27:11,884 - INFO - Recognized: user_e5abfb (distance: 0.007)
2025-05-19 14:27:12,440 - INFO - Recognized: user_e5abfb (distance: 0.008)
2025-05-19 14:27:12,879 - INFO - Recognized: user_e5abfb (distance: 0.008)
2025-05-19 14:27:13,355 - INFO - Recognized: user_e5abfb (distance: 0.007)
2025-05-19 14:27:15,030 - INFO - Recognized: user_e5abfb (distance: 0.008)
2025-05-19 14:27:16,032 - INFO - Recognized: user_e5abfb (distance: 0.007)
2025-05-19 14:27:16,432 - INFO - Recognized: user_e5abfb (distance: 0.007)
2025-05-19 14:27:16,899 - INFO - Recognized: user_e5abfb (distance: 0.007)
2025-05-19 14:27:17,350 - INFO - Recognized: user_e5abfb (distance: 0.007)
2025-05-19 14:27:17,819 - INFO - Recognized: user_e5abfb (distance: 0.007)
2025-05-19 14:27:18,264 - INFO - Recognized: user_e5abfb (distance: 0.007)
2025-05-19 14:27:18,754 - INFO - Recognized: user_e5abfb (distance: 0.008)
2025-05-19 14:27:19,214 - INFO - Recognized: user_e5abfb (distance: 0.007)
2025-05-19 14:27:19,712 - INFO - Recognized: user_e5abfb (distance: 0.008)
2025-05-19 14:27:20,122 - INFO - Recognized: user_e5abfb (distance: 0.007)
2025-05-19 14:27:20,564 - INFO - Recognized: user_e5abfb (distance: 0.008)
2025-05-19 14:47:21,406 - INFO - Initializing system...
2025-05-19 14:47:21,410 - INFO - Loaded 7 embeddings
2025-05-19 14:47:24,077 - INFO - System running. Press ESC to exit.
2025-05-19 14:47:54,486 - INFO - System terminated.
2025-05-19 14:51:15,815 - INFO - Initializing face recognition system...
2025-05-19 14:51:15,816 - INFO - Loaded embeddings for user_1d2b16
2025-05-19 14:51:15,817 - INFO - Loaded embeddings for user_5e2b04
2025-05-19 14:51:15,817 - INFO - Loaded embeddings for user_6b3225
2025-05-19 14:51:15,819 - INFO - Loaded embeddings for user_835dd6
2025-05-19 14:51:15,819 - INFO - Loaded embeddings for user_a2d19a
2025-05-19 14:51:15,820 - INFO - Loaded embeddings for user_c2b979
2025-05-19 14:51:15,820 - INFO - Loaded embeddings for user_e5abfb
2025-05-19 14:51:15,820 - INFO - Loaded 7 known face embeddings
2025-05-19 14:51:15,820 - INFO - Initializing camera...
2025-05-19 14:51:24,902 - INFO - Loading detection model: yolov8n-face.pt
2025-05-19 14:51:25,548 - ERROR - Failed to load detection model: [Errno 2] No such file or directory: 'yolov8n-face.pt'
2025-05-19 14:51:25,548 - ERROR - System error: [Errno 2] No such file or directory: 'yolov8n-face.pt'
2025-05-19 14:51:25,564 - INFO - System shutdown complete
2025-05-19 14:59:16,637 - INFO - Initializing face recognition system...
2025-05-19 14:59:16,638 - INFO - Loaded embeddings for user_1d2b16
2025-05-19 14:59:16,639 - INFO - Loaded embeddings for user_5e2b04
2025-05-19 14:59:16,640 - INFO - Loaded embeddings for user_6b3225
2025-05-19 14:59:16,640 - INFO - Loaded embeddings for user_835dd6
2025-05-19 14:59:16,641 - INFO - Loaded embeddings for user_a2d19a
2025-05-19 14:59:16,641 - INFO - Loaded embeddings for user_c2b979
2025-05-19 14:59:16,642 - INFO - Loaded embeddings for user_e5abfb
2025-05-19 14:59:16,642 - INFO - Loaded 7 known face embeddings
2025-05-19 14:59:16,642 - INFO - Initializing camera...
2025-05-19 14:59:25,743 - INFO - Loading detection model: yolov8n-face.pt
2025-05-19 14:59:26,032 - ERROR - Failed to load detection model: [Errno 2] No such file or directory: 'yolov8n-face.pt'
2025-05-19 14:59:26,032 - ERROR - System error: [Errno 2] No such file or directory: 'yolov8n-face.pt'
